<?xml version="1.0" encoding="utf-8" standalone="no"?>
<!--This file represents the results of running a test suite-->
<test-results name="C:\Users\mrb\Documents\GitHub\AutomatedTestExercise\bin\TestFramework.dll" total="2" errors="0" failures="1" not-run="0" inconclusive="0" ignored="0" skipped="0" invalid="0" date="2014-04-25" time="14:46:48">
  <environment nunit-version="2.6.3.13283" clr-version="2.0.50727.8000" os-version="Microsoft Windows NT 6.2.9200.0" platform="Win32NT" cwd="C:\Program Files (x86)\NUnit 2.6.3\bin" machine-name="STARSONG" user="mrb" user-domain="ECOCION" />
  <culture-info current-culture="en-US" current-uiculture="en-US" />
  <test-suite type="Assembly" name="C:\Users\mrb\Documents\GitHub\AutomatedTestExercise\bin\TestFramework.dll" executed="True" result="Failure" success="False" time="22.802" asserts="0">
    <results>
      <test-suite type="Namespace" name="TestFramework" executed="True" result="Failure" success="False" time="22.785" asserts="0">
        <results>
          <test-suite type="TestFixture" name="SearchResultTest" executed="True" result="Failure" success="False" time="22.782" asserts="0">
            <results>
              <test-case name="TestFramework.SearchResultTest.This_Test_Should_Fail" executed="True" result="Failure" success="False" time="12.266" asserts="1">
                <failure>
                  <message><![CDATA[  Expected: String containing "techstar winners"
  But was:  "stats - techstars"
]]></message>
                  <stack-trace><![CDATA[at TestFramework.SearchResultTest.GoogleSearchTest(String searchString) in c:\Users\mrb\Documents\Visual Studio 2013\Projects\TestFramework-GoogleSearch\TestFramework\SearchResultTest.cs:line 43
at TestFramework.SearchResultTest.This_Test_Should_Fail() in c:\Users\mrb\Documents\Visual Studio 2013\Projects\TestFramework-GoogleSearch\TestFramework\SearchResultTest.cs:line 35
]]></stack-trace>
                </failure>
              </test-case>
              <test-case name="TestFramework.SearchResultTest.This_Test_Should_Pass" executed="True" result="Success" success="True" time="10.477" asserts="4" />
            </results>
          </test-suite>
        </results>
      </test-suite>
    </results>
  </test-suite>
</test-results>